<!--
    :warning: Review existing issues to see whether someone else has already reported your issue.
-->

## Current behaviour

<!-- Be as specific and detailed as possible to help us identify your issue. -->


## Expected behaviour


## Steps to reproduce

<!-- Take some time to try and reproduce the issue, then explain how to do so here. -->


## Error Details
```
System.ApplicationException: Failed ---> System.ArgumentOutOfRangeException: Opps ---> System.DivideByZeroException: Boom!
   --- End of inner exception stack trace ---
   --- End of inner exception stack trace ---
   at NBug.Tests.Unit.Util.Mock.Method1() in C:\Development\gitextensions\Externals\NBug\NBug.Tests\Unit\Util\Mock.cs:line 13
   at NBug.Tests.Unit.Util.Mock.Method2() in C:\Development\gitextensions\Externals\NBug\NBug.Tests\Unit\Util\Mock.cs:line 16
   at NBug.Tests.Unit.Util.Mock.Method3() in C:\Development\gitextensions\Externals\NBug\NBug.Tests\Unit\Util\Mock.cs:line 17
   at NBug.Tests.Unit.Util.Mock.Method4() in C:\Development\gitextensions\Externals\NBug\NBug.Tests\Unit\Util\Mock.cs:line 18
   at NBug.Tests.Unit.Util.Mock.DoWork() in C:\Development\gitextensions\Externals\NBug\NBug.Tests\Unit\Util\Mock.cs:line 7
   at NBug.Tests.Unit.Util.ErrorReportMarkDownBodyBuilderTests.Build_should_build_report_with_system_without_additional_info() in C:\Development\gitextensions\Externals\NBug\NBug.Tests\Unit\Util\ErrorReportMarkDownBodyBuilderTests.cs:line 61
```


## Environment

- Git Extensions 0.0.2.5232
- Build 23b6f51905006ccdde8701591df706284b4155dc
- Git 2.19.0.windows.1
- Microsoft Windows NT 10.0.17134.0
- .NET Framework 4.7.3324.0
- DPI 144dpi (150% scaling)

